{"C:\\Users\\rpopi\\Documents\\proyectos\\SkydropX_Developer_Challenges\\src\\validation.js": {"path":"C:\\Users\\rpopi\\Documents\\proyectos\\SkydropX_Developer_Challenges\\src\\validation.js","statementMap":{"0":{"start":{"line":1,"column":12},"end":{"line":1,"column":26}},"1":{"start":{"line":2,"column":24},"end":{"line":2,"column":62}},"2":{"start":{"line":3,"column":22},"end":{"line":3,"column":59}},"3":{"start":{"line":5,"column":43},"end":{"line":57,"column":1}},"4":{"start":{"line":6,"column":4},"end":{"line":56,"column":5}},"5":{"start":{"line":7,"column":29},"end":{"line":14,"column":10}},"6":{"start":{"line":15,"column":27},"end":{"line":22,"column":10}},"7":{"start":{"line":23,"column":24},"end":{"line":32,"column":20}},"8":{"start":{"line":33,"column":23},"end":{"line":46,"column":21}},"9":{"start":{"line":47,"column":25},"end":{"line":47,"column":88}},"10":{"start":{"line":48,"column":8},"end":{"line":48,"column":29}},"11":{"start":{"line":50,"column":8},"end":{"line":55,"column":9}},"12":{"start":{"line":59,"column":0},"end":{"line":61,"column":1}}},"fnMap":{"0":{"name":"(anonymous_0)","decl":{"start":{"line":5,"column":43},"end":{"line":5,"column":44}},"loc":{"start":{"line":5,"column":62},"end":{"line":57,"column":1}},"line":5}},"branchMap":{},"s":{"0":1,"1":1,"2":1,"3":1,"4":1,"5":1,"6":1,"7":1,"8":1,"9":1,"10":1,"11":0,"12":1},"f":{"0":1},"b":{},"_coverageSchema":"1a1c01bbd47fc00a2c39e90264f33305004495a9","hash":"cc6becd059725bb34a8ef4d541d6f3b39c5dd15c"}
,"C:\\Users\\rpopi\\Documents\\proyectos\\SkydropX_Developer_Challenges\\src\\controllers\\LabelShipping.js": {"path":"C:\\Users\\rpopi\\Documents\\proyectos\\SkydropX_Developer_Challenges\\src\\controllers\\LabelShipping.js","statementMap":{"0":{"start":{"line":1,"column":22},"end":{"line":1,"column":59}},"1":{"start":{"line":2,"column":26},"end":{"line":2,"column":67}},"2":{"start":{"line":3,"column":28},"end":{"line":3,"column":66}},"3":{"start":{"line":4,"column":27},"end":{"line":4,"column":64}},"4":{"start":{"line":5,"column":16},"end":{"line":5,"column":52}},"5":{"start":{"line":6,"column":19},"end":{"line":6,"column":43}},"6":{"start":{"line":7,"column":34},"end":{"line":7,"column":78}},"7":{"start":{"line":8,"column":25},"end":{"line":8,"column":66}},"8":{"start":{"line":9,"column":23},"end":{"line":9,"column":38}},"9":{"start":{"line":12,"column":28},"end":{"line":34,"column":1}},"10":{"start":{"line":13,"column":4},"end":{"line":32,"column":5}},"11":{"start":{"line":14,"column":24},"end":{"line":14,"column":53}},"12":{"start":{"line":15,"column":22},"end":{"line":15,"column":82}},"13":{"start":{"line":16,"column":26},"end":{"line":16,"column":34}},"14":{"start":{"line":17,"column":8},"end":{"line":19,"column":9}},"15":{"start":{"line":18,"column":12},"end":{"line":18,"column":85}},"16":{"start":{"line":20,"column":23},"end":{"line":20,"column":48}},"17":{"start":{"line":21,"column":27},"end":{"line":25,"column":9}},"18":{"start":{"line":26,"column":23},"end":{"line":26,"column":90}},"19":{"start":{"line":27,"column":25},"end":{"line":27,"column":84}},"20":{"start":{"line":28,"column":8},"end":{"line":28,"column":81}},"21":{"start":{"line":30,"column":8},"end":{"line":30,"column":26}},"22":{"start":{"line":31,"column":8},"end":{"line":31,"column":119}},"23":{"start":{"line":36,"column":31},"end":{"line":40,"column":1}},"24":{"start":{"line":37,"column":20},"end":{"line":37,"column":49}},"25":{"start":{"line":38,"column":21},"end":{"line":38,"column":94}},"26":{"start":{"line":39,"column":4},"end":{"line":39,"column":76}},"27":{"start":{"line":42,"column":32},"end":{"line":46,"column":1}},"28":{"start":{"line":43,"column":20},"end":{"line":43,"column":49}},"29":{"start":{"line":44,"column":21},"end":{"line":44,"column":91}},"30":{"start":{"line":45,"column":4},"end":{"line":45,"column":82}},"31":{"start":{"line":48,"column":0},"end":{"line":52,"column":1}}},"fnMap":{"0":{"name":"(anonymous_0)","decl":{"start":{"line":12,"column":28},"end":{"line":12,"column":29}},"loc":{"start":{"line":12,"column":45},"end":{"line":34,"column":1}},"line":12},"1":{"name":"(anonymous_1)","decl":{"start":{"line":36,"column":31},"end":{"line":36,"column":32}},"loc":{"start":{"line":36,"column":47},"end":{"line":40,"column":1}},"line":36},"2":{"name":"(anonymous_2)","decl":{"start":{"line":42,"column":32},"end":{"line":42,"column":33}},"loc":{"start":{"line":42,"column":47},"end":{"line":46,"column":1}},"line":42}},"branchMap":{"0":{"loc":{"start":{"line":17,"column":8},"end":{"line":19,"column":9}},"type":"if","locations":[{"start":{"line":17,"column":8},"end":{"line":19,"column":9}},{"start":{},"end":{}}],"line":17}},"s":{"0":1,"1":1,"2":1,"3":1,"4":1,"5":1,"6":1,"7":1,"8":1,"9":1,"10":1,"11":1,"12":1,"13":1,"14":1,"15":0,"16":1,"17":1,"18":1,"19":1,"20":1,"21":0,"22":0,"23":1,"24":0,"25":0,"26":0,"27":1,"28":0,"29":0,"30":0,"31":1},"f":{"0":1,"1":0,"2":0},"b":{"0":[0,1]},"_coverageSchema":"1a1c01bbd47fc00a2c39e90264f33305004495a9","hash":"c3a821bb094a2bfa23e58bca2ad5347c377469ba"}
,"C:\\Users\\rpopi\\Documents\\proyectos\\SkydropX_Developer_Challenges\\src\\services\\LabelShipping.js": {"path":"C:\\Users\\rpopi\\Documents\\proyectos\\SkydropX_Developer_Challenges\\src\\services\\LabelShipping.js","statementMap":{"0":{"start":{"line":1,"column":34},"end":{"line":1,"column":78}},"1":{"start":{"line":2,"column":26},"end":{"line":2,"column":67}},"2":{"start":{"line":3,"column":23},"end":{"line":3,"column":64}},"3":{"start":{"line":4,"column":14},"end":{"line":4,"column":38}},"4":{"start":{"line":6,"column":28},"end":{"line":28,"column":1}},"5":{"start":{"line":7,"column":23},"end":{"line":10,"column":5}},"6":{"start":{"line":11,"column":4},"end":{"line":11,"column":79}},"7":{"start":{"line":12,"column":22},"end":{"line":12,"column":84}},"8":{"start":{"line":13,"column":31},"end":{"line":13,"column":115}},"9":{"start":{"line":14,"column":20},"end":{"line":14,"column":82}},"10":{"start":{"line":15,"column":4},"end":{"line":21,"column":5}},"11":{"start":{"line":16,"column":27},"end":{"line":19,"column":9}},"12":{"start":{"line":20,"column":8},"end":{"line":20,"column":83}},"13":{"start":{"line":22,"column":22},"end":{"line":22,"column":62}},"14":{"start":{"line":23,"column":18},"end":{"line":23,"column":66}},"15":{"start":{"line":24,"column":4},"end":{"line":24,"column":84}},"16":{"start":{"line":25,"column":4},"end":{"line":27,"column":5}},"17":{"start":{"line":30,"column":31},"end":{"line":43,"column":1}},"18":{"start":{"line":31,"column":24},"end":{"line":31,"column":89}},"19":{"start":{"line":32,"column":4},"end":{"line":37,"column":5}},"20":{"start":{"line":33,"column":8},"end":{"line":36,"column":9}},"21":{"start":{"line":38,"column":4},"end":{"line":42,"column":5}},"22":{"start":{"line":39,"column":8},"end":{"line":41,"column":9}},"23":{"start":{"line":45,"column":28},"end":{"line":58,"column":1}},"24":{"start":{"line":46,"column":25},"end":{"line":46,"column":87}},"25":{"start":{"line":47,"column":4},"end":{"line":52,"column":5}},"26":{"start":{"line":48,"column":30},"end":{"line":48,"column":91}},"27":{"start":{"line":49,"column":8},"end":{"line":51,"column":9}},"28":{"start":{"line":53,"column":4},"end":{"line":57,"column":5}},"29":{"start":{"line":54,"column":8},"end":{"line":56,"column":9}},"30":{"start":{"line":60,"column":0},"end":{"line":64,"column":1}}},"fnMap":{"0":{"name":"(anonymous_0)","decl":{"start":{"line":6,"column":28},"end":{"line":6,"column":29}},"loc":{"start":{"line":6,"column":50},"end":{"line":28,"column":1}},"line":6},"1":{"name":"(anonymous_1)","decl":{"start":{"line":30,"column":31},"end":{"line":30,"column":32}},"loc":{"start":{"line":30,"column":52},"end":{"line":43,"column":1}},"line":30},"2":{"name":"(anonymous_2)","decl":{"start":{"line":45,"column":28},"end":{"line":45,"column":29}},"loc":{"start":{"line":45,"column":49},"end":{"line":58,"column":1}},"line":45}},"branchMap":{"0":{"loc":{"start":{"line":15,"column":4},"end":{"line":21,"column":5}},"type":"if","locations":[{"start":{"line":15,"column":4},"end":{"line":21,"column":5}},{"start":{},"end":{}}],"line":15},"1":{"loc":{"start":{"line":32,"column":4},"end":{"line":37,"column":5}},"type":"if","locations":[{"start":{"line":32,"column":4},"end":{"line":37,"column":5}},{"start":{},"end":{}}],"line":32},"2":{"loc":{"start":{"line":38,"column":4},"end":{"line":42,"column":5}},"type":"if","locations":[{"start":{"line":38,"column":4},"end":{"line":42,"column":5}},{"start":{},"end":{}}],"line":38},"3":{"loc":{"start":{"line":47,"column":4},"end":{"line":52,"column":5}},"type":"if","locations":[{"start":{"line":47,"column":4},"end":{"line":52,"column":5}},{"start":{},"end":{}}],"line":47},"4":{"loc":{"start":{"line":53,"column":4},"end":{"line":57,"column":5}},"type":"if","locations":[{"start":{"line":53,"column":4},"end":{"line":57,"column":5}},{"start":{},"end":{}}],"line":53}},"s":{"0":1,"1":1,"2":1,"3":1,"4":1,"5":1,"6":1,"7":1,"8":1,"9":1,"10":1,"11":1,"12":1,"13":1,"14":1,"15":1,"16":1,"17":1,"18":0,"19":0,"20":0,"21":0,"22":0,"23":1,"24":0,"25":0,"26":0,"27":0,"28":0,"29":0,"30":1},"f":{"0":1,"1":0,"2":0},"b":{"0":[1,0],"1":[0,0],"2":[0,0],"3":[0,0],"4":[0,0]},"_coverageSchema":"1a1c01bbd47fc00a2c39e90264f33305004495a9","hash":"75dc3de084f0df3934030ff7198c6a2dbf220949"}
,"C:\\Users\\rpopi\\Documents\\proyectos\\SkydropX_Developer_Challenges\\src\\supports\\custom.exception.js": {"path":"C:\\Users\\rpopi\\Documents\\proyectos\\SkydropX_Developer_Challenges\\src\\supports\\custom.exception.js","statementMap":{"0":{"start":{"line":8,"column":4},"end":{"line":8,"column":21}},"1":{"start":{"line":9,"column":4},"end":{"line":9,"column":27}},"2":{"start":{"line":10,"column":4},"end":{"line":10,"column":47}},"3":{"start":{"line":10,"column":34},"end":{"line":10,"column":45}},"4":{"start":{"line":11,"column":4},"end":{"line":11,"column":33}},"5":{"start":{"line":15,"column":0},"end":{"line":15,"column":33}}},"fnMap":{"0":{"name":"(anonymous_0)","decl":{"start":{"line":2,"column":2},"end":{"line":2,"column":3}},"loc":{"start":{"line":7,"column":4},"end":{"line":12,"column":3}},"line":7},"1":{"name":"(anonymous_1)","decl":{"start":{"line":10,"column":29},"end":{"line":10,"column":30}},"loc":{"start":{"line":10,"column":34},"end":{"line":10,"column":45}},"line":10}},"branchMap":{},"s":{"0":0,"1":0,"2":0,"3":0,"4":0,"5":1},"f":{"0":0,"1":0},"b":{},"_coverageSchema":"1a1c01bbd47fc00a2c39e90264f33305004495a9","hash":"cc1ed2078a301db64e9cf4d5c4f6617f400cfcd0"}
,"C:\\Users\\rpopi\\Documents\\proyectos\\SkydropX_Developer_Challenges\\src\\supports\\error.constants.js": {"path":"C:\\Users\\rpopi\\Documents\\proyectos\\SkydropX_Developer_Challenges\\src\\supports\\error.constants.js","statementMap":{"0":{"start":{"line":1,"column":23},"end":{"line":5,"column":1}},"1":{"start":{"line":7,"column":0},"end":{"line":9,"column":1}}},"fnMap":{},"branchMap":{},"s":{"0":1,"1":1},"f":{},"b":{},"_coverageSchema":"1a1c01bbd47fc00a2c39e90264f33305004495a9","hash":"5d066b2325af035ca539d66635201065dab8dd50"}
,"C:\\Users\\rpopi\\Documents\\proyectos\\SkydropX_Developer_Challenges\\src\\supports\\http.constants.js": {"path":"C:\\Users\\rpopi\\Documents\\proyectos\\SkydropX_Developer_Challenges\\src\\supports\\http.constants.js","statementMap":{"0":{"start":{"line":1,"column":26},"end":{"line":4,"column":1}},"1":{"start":{"line":6,"column":32},"end":{"line":9,"column":1}},"2":{"start":{"line":11,"column":29},"end":{"line":14,"column":1}},"3":{"start":{"line":17,"column":0},"end":{"line":21,"column":1}}},"fnMap":{},"branchMap":{},"s":{"0":1,"1":1,"2":1,"3":1},"f":{},"b":{},"_coverageSchema":"1a1c01bbd47fc00a2c39e90264f33305004495a9","hash":"12a52b4bfb60062d6a4b31d1d354ea38a03efde1"}
,"C:\\Users\\rpopi\\Documents\\proyectos\\SkydropX_Developer_Challenges\\src\\supports\\query.constants.js": {"path":"C:\\Users\\rpopi\\Documents\\proyectos\\SkydropX_Developer_Challenges\\src\\supports\\query.constants.js","statementMap":{"0":{"start":{"line":1,"column":0},"end":{"line":37,"column":1}}},"fnMap":{},"branchMap":{},"s":{"0":1},"f":{},"b":{},"_coverageSchema":"1a1c01bbd47fc00a2c39e90264f33305004495a9","hash":"56e7dcf382f8661a87e32956409a61961064bd71"}
,"C:\\Users\\rpopi\\Documents\\proyectos\\SkydropX_Developer_Challenges\\src\\supports\\services.constants.js": {"path":"C:\\Users\\rpopi\\Documents\\proyectos\\SkydropX_Developer_Challenges\\src\\supports\\services.constants.js","statementMap":{"0":{"start":{"line":1,"column":17},"end":{"line":3,"column":1}},"1":{"start":{"line":5,"column":20},"end":{"line":10,"column":1}},"2":{"start":{"line":12,"column":16},"end":{"line":15,"column":1}},"3":{"start":{"line":17,"column":0},"end":{"line":21,"column":1}}},"fnMap":{},"branchMap":{},"s":{"0":1,"1":1,"2":1,"3":1},"f":{},"b":{},"_coverageSchema":"1a1c01bbd47fc00a2c39e90264f33305004495a9","hash":"76cf8a194f5a9aace0d6df94dfae68577b5db457"}
,"C:\\Users\\rpopi\\Documents\\proyectos\\SkydropX_Developer_Challenges\\src\\supports\\services.functions.js": {"path":"C:\\Users\\rpopi\\Documents\\proyectos\\SkydropX_Developer_Challenges\\src\\supports\\services.functions.js","statementMap":{"0":{"start":{"line":1,"column":14},"end":{"line":1,"column":30}},"1":{"start":{"line":2,"column":15},"end":{"line":2,"column":33}},"2":{"start":{"line":3,"column":12},"end":{"line":3,"column":30}},"3":{"start":{"line":5,"column":22},"end":{"line":5,"column":54}},"4":{"start":{"line":6,"column":29},"end":{"line":6,"column":68}},"5":{"start":{"line":8,"column":19},"end":{"line":31,"column":1}},"6":{"start":{"line":9,"column":16},"end":{"line":9,"column":28}},"7":{"start":{"line":10,"column":23},"end":{"line":25,"column":6}},"8":{"start":{"line":11,"column":25},"end":{"line":23,"column":10}},"9":{"start":{"line":12,"column":12},"end":{"line":22,"column":15}},"10":{"start":{"line":13,"column":27},"end":{"line":13,"column":29}},"11":{"start":{"line":14,"column":16},"end":{"line":19,"column":19}},"12":{"start":{"line":15,"column":20},"end":{"line":15,"column":37}},"13":{"start":{"line":17,"column":33},"end":{"line":17,"column":52}},"14":{"start":{"line":18,"column":20},"end":{"line":18,"column":35}},"15":{"start":{"line":21,"column":16},"end":{"line":21,"column":35}},"16":{"start":{"line":24,"column":8},"end":{"line":24,"column":23}},"17":{"start":{"line":26,"column":18},"end":{"line":26,"column":49}},"18":{"start":{"line":27,"column":4},"end":{"line":29,"column":7}},"19":{"start":{"line":28,"column":8},"end":{"line":28,"column":48}},"20":{"start":{"line":30,"column":4},"end":{"line":30,"column":26}},"21":{"start":{"line":33,"column":22},"end":{"line":54,"column":1}},"22":{"start":{"line":34,"column":4},"end":{"line":53,"column":5}},"23":{"start":{"line":35,"column":33},"end":{"line":35,"column":51}},"24":{"start":{"line":36,"column":26},"end":{"line":48,"column":10}},"25":{"start":{"line":37,"column":39},"end":{"line":37,"column":79}},"26":{"start":{"line":38,"column":37},"end":{"line":38,"column":112}},"27":{"start":{"line":39,"column":12},"end":{"line":43,"column":13}},"28":{"start":{"line":40,"column":16},"end":{"line":42,"column":17}},"29":{"start":{"line":41,"column":20},"end":{"line":41,"column":116}},"30":{"start":{"line":44,"column":12},"end":{"line":47,"column":13}},"31":{"start":{"line":49,"column":29},"end":{"line":49,"column":57}},"32":{"start":{"line":50,"column":8},"end":{"line":50,"column":122}},"33":{"start":{"line":50,"column":43},"end":{"line":50,"column":66}},"34":{"start":{"line":50,"column":78},"end":{"line":50,"column":121}},"35":{"start":{"line":52,"column":8},"end":{"line":52,"column":20}},"36":{"start":{"line":58,"column":24},"end":{"line":69,"column":1}},"37":{"start":{"line":59,"column":15},"end":{"line":62,"column":6}},"38":{"start":{"line":63,"column":19},"end":{"line":66,"column":5}},"39":{"start":{"line":67,"column":21},"end":{"line":67,"column":57}},"40":{"start":{"line":68,"column":4},"end":{"line":68,"column":43}},"41":{"start":{"line":71,"column":0},"end":{"line":75,"column":1}}},"fnMap":{"0":{"name":"(anonymous_0)","decl":{"start":{"line":8,"column":19},"end":{"line":8,"column":20}},"loc":{"start":{"line":8,"column":35},"end":{"line":31,"column":1}},"line":8},"1":{"name":"(anonymous_1)","decl":{"start":{"line":10,"column":32},"end":{"line":10,"column":33}},"loc":{"start":{"line":10,"column":46},"end":{"line":25,"column":5}},"line":10},"2":{"name":"(anonymous_2)","decl":{"start":{"line":11,"column":37},"end":{"line":11,"column":38}},"loc":{"start":{"line":11,"column":58},"end":{"line":23,"column":9}},"line":11},"3":{"name":"(anonymous_3)","decl":{"start":{"line":12,"column":32},"end":{"line":12,"column":33}},"loc":{"start":{"line":12,"column":41},"end":{"line":20,"column":13}},"line":12},"4":{"name":"(anonymous_4)","decl":{"start":{"line":14,"column":31},"end":{"line":14,"column":32}},"loc":{"start":{"line":14,"column":48},"end":{"line":16,"column":17}},"line":14},"5":{"name":"(anonymous_5)","decl":{"start":{"line":16,"column":29},"end":{"line":16,"column":30}},"loc":{"start":{"line":16,"column":41},"end":{"line":19,"column":17}},"line":16},"6":{"name":"(anonymous_6)","decl":{"start":{"line":20,"column":27},"end":{"line":20,"column":28}},"loc":{"start":{"line":20,"column":36},"end":{"line":22,"column":13}},"line":20},"7":{"name":"(anonymous_7)","decl":{"start":{"line":27,"column":16},"end":{"line":27,"column":17}},"loc":{"start":{"line":27,"column":39},"end":{"line":29,"column":5}},"line":27},"8":{"name":"(anonymous_8)","decl":{"start":{"line":33,"column":22},"end":{"line":33,"column":23}},"loc":{"start":{"line":33,"column":60},"end":{"line":54,"column":1}},"line":33},"9":{"name":"(anonymous_9)","decl":{"start":{"line":36,"column":37},"end":{"line":36,"column":38}},"loc":{"start":{"line":36,"column":54},"end":{"line":48,"column":9}},"line":36},"10":{"name":"(anonymous_10)","decl":{"start":{"line":50,"column":35},"end":{"line":50,"column":36}},"loc":{"start":{"line":50,"column":43},"end":{"line":50,"column":66}},"line":50},"11":{"name":"(anonymous_11)","decl":{"start":{"line":50,"column":72},"end":{"line":50,"column":73}},"loc":{"start":{"line":50,"column":78},"end":{"line":50,"column":121}},"line":50},"12":{"name":"(anonymous_12)","decl":{"start":{"line":58,"column":24},"end":{"line":58,"column":25}},"loc":{"start":{"line":58,"column":45},"end":{"line":69,"column":1}},"line":58}},"branchMap":{"0":{"loc":{"start":{"line":39,"column":12},"end":{"line":43,"column":13}},"type":"if","locations":[{"start":{"line":39,"column":12},"end":{"line":43,"column":13}},{"start":{},"end":{}}],"line":39}},"s":{"0":1,"1":1,"2":1,"3":1,"4":1,"5":1,"6":1,"7":1,"8":3,"9":3,"10":3,"11":3,"12":11,"13":3,"14":3,"15":0,"16":3,"17":1,"18":1,"19":3,"20":1,"21":1,"22":1,"23":1,"24":1,"25":3,"26":3,"27":3,"28":0,"29":0,"30":3,"31":1,"32":1,"33":3,"34":3,"35":0,"36":1,"37":0,"38":0,"39":0,"40":0,"41":1},"f":{"0":1,"1":3,"2":3,"3":3,"4":11,"5":3,"6":0,"7":3,"8":1,"9":3,"10":3,"11":3,"12":0},"b":{"0":[0,3]},"_coverageSchema":"1a1c01bbd47fc00a2c39e90264f33305004495a9","hash":"4611e0059a97b54808a77a9785fc2a94369668f3"}
}
