TN:
SF:src\validation.js
FN:5,(anonymous_0)
FNF:1
FNH:1
FNDA:1,(anonymous_0)
DA:1,3
DA:2,3
DA:3,3
DA:5,3
DA:6,1
DA:7,1
DA:15,1
DA:23,1
DA:33,1
DA:47,1
DA:48,1
DA:50,0
DA:59,3
LF:13
LH:12
BRF:0
BRH:0
end_of_record
TN:
SF:src\controllers\LabelShipping.js
FN:12,(anonymous_0)
FN:36,(anonymous_1)
FN:42,(anonymous_2)
FNF:3
FNH:3
FNDA:1,(anonymous_0)
FNDA:1,(anonymous_1)
FNDA:1,(anonymous_2)
DA:1,3
DA:2,3
DA:3,3
DA:4,3
DA:5,3
DA:6,3
DA:7,3
DA:8,3
DA:9,3
DA:12,3
DA:13,1
DA:14,1
DA:15,1
DA:16,1
DA:17,1
DA:18,0
DA:20,1
DA:21,1
DA:26,1
DA:27,1
DA:28,1
DA:30,0
DA:31,0
DA:36,3
DA:37,1
DA:38,1
DA:39,1
DA:42,3
DA:43,1
DA:44,1
DA:45,1
DA:48,3
LF:32
LH:29
BRDA:17,0,0,0
BRDA:17,0,1,1
BRF:2
BRH:1
end_of_record
TN:
SF:src\services\LabelShipping.js
FN:6,(anonymous_0)
FN:30,(anonymous_1)
FN:45,(anonymous_2)
FNF:3
FNH:3
FNDA:1,(anonymous_0)
FNDA:1,(anonymous_1)
FNDA:1,(anonymous_2)
DA:1,3
DA:2,3
DA:3,3
DA:4,3
DA:6,3
DA:7,1
DA:11,1
DA:12,1
DA:13,1
DA:14,1
DA:15,1
DA:16,1
DA:20,1
DA:22,1
DA:23,1
DA:24,1
DA:25,1
DA:30,3
DA:31,1
DA:32,1
DA:33,1
DA:38,0
DA:39,0
DA:45,3
DA:46,1
DA:47,1
DA:48,1
DA:49,1
DA:53,0
DA:54,0
DA:60,3
LF:31
LH:27
BRDA:15,0,0,1
BRDA:15,0,1,0
BRDA:32,1,0,1
BRDA:32,1,1,0
BRDA:38,2,0,0
BRDA:38,2,1,0
BRDA:47,3,0,1
BRDA:47,3,1,0
BRDA:53,4,0,0
BRDA:53,4,1,0
BRF:10
BRH:3
end_of_record
TN:
SF:src\supports\custom.exception.js
FN:2,(anonymous_0)
FN:10,(anonymous_1)
FNF:2
FNH:0
FNDA:0,(anonymous_0)
FNDA:0,(anonymous_1)
DA:8,0
DA:9,0
DA:10,0
DA:11,0
DA:15,3
LF:5
LH:1
BRF:0
BRH:0
end_of_record
TN:
SF:src\supports\error.constants.js
FNF:0
FNH:0
DA:1,3
DA:7,3
LF:2
LH:2
BRF:0
BRH:0
end_of_record
TN:
SF:src\supports\http.constants.js
FNF:0
FNH:0
DA:1,3
DA:6,3
DA:11,3
DA:17,3
LF:4
LH:4
BRF:0
BRH:0
end_of_record
TN:
SF:src\supports\query.constants.js
FNF:0
FNH:0
DA:1,3
LF:1
LH:1
BRF:0
BRH:0
end_of_record
TN:
SF:src\supports\services.constants.js
FNF:0
FNH:0
DA:1,3
DA:5,3
DA:12,3
DA:17,3
LF:4
LH:4
BRF:0
BRH:0
end_of_record
TN:
SF:src\supports\services.functions.js
FN:8,(anonymous_0)
FN:10,(anonymous_1)
FN:11,(anonymous_2)
FN:12,(anonymous_3)
FN:14,(anonymous_4)
FN:16,(anonymous_5)
FN:20,(anonymous_6)
FN:27,(anonymous_7)
FN:33,(anonymous_8)
FN:36,(anonymous_9)
FN:50,(anonymous_10)
FN:50,(anonymous_11)
FNF:12
FNH:11
FNDA:1,(anonymous_0)
FNDA:3,(anonymous_1)
FNDA:3,(anonymous_2)
FNDA:3,(anonymous_3)
FNDA:11,(anonymous_4)
FNDA:3,(anonymous_5)
FNDA:0,(anonymous_6)
FNDA:3,(anonymous_7)
FNDA:1,(anonymous_8)
FNDA:3,(anonymous_9)
FNDA:3,(anonymous_10)
FNDA:3,(anonymous_11)
DA:1,3
DA:2,3
DA:3,3
DA:5,3
DA:6,3
DA:8,3
DA:9,1
DA:10,1
DA:11,3
DA:12,3
DA:13,3
DA:14,3
DA:15,11
DA:17,3
DA:18,3
DA:21,0
DA:24,3
DA:26,1
DA:27,1
DA:28,3
DA:30,1
DA:33,3
DA:34,1
DA:35,1
DA:36,1
DA:37,3
DA:38,3
DA:39,3
DA:40,0
DA:41,0
DA:44,3
DA:49,1
DA:50,3
DA:52,0
DA:56,3
LF:35
LH:31
BRDA:39,0,0,0
BRDA:39,0,1,3
BRF:2
BRH:1
end_of_record
